******************************************************************
*                                                                *
*  Вызов ZIP с двумя range(15000000)                             *
*                                                                *
******************************************************************
         4500010 function calls in 6.313 seconds

   Ordered by: standard name

   ncalls  tottime  percall  cumtime  percall filename:lineno(function)
        1    0.795    0.795    6.313    6.313 zip.py:12(<module>)
---------------------------------------------------------------------------------------
  1500001    2.060    0.000    2.351    0.000 zip.py:12(myzip)    <== myZip
        1    2.716    2.716    2.716    2.716 {zip}               <== built-in function
---------------------------------------------------------------------------------------
        1    0.000    0.000    0.000    0.000 {len}
  3000000    0.275    0.000    0.275    0.000 {method 'append' of 'list' objects}
        1    0.000    0.000    0.000    0.000 {method 'disable' of '_lsprof.Profiler' objects}
        5    0.467    0.093    0.467    0.093 {range}


******************************************************************
*                                                                *
*  Вызов ZIP с тремя range(15000000)                             *
*                                                                *
******************************************************************
         6000012 function calls in 8.443 seconds

   Ordered by: standard name

   ncalls  tottime  percall  cumtime  percall filename:lineno(function)
        1    1.037    1.037    8.443    8.443 zip.py:12(<module>)
---------------------------------------------------------------------------------------
  1500001    2.862    0.000    3.213    0.000 zip.py:12(myzip)     <== myZip
        1    3.553    3.553    3.553    3.553 {zip}                <== built-in function
---------------------------------------------------------------------------------------
        1    0.000    0.000    0.000    0.000 {len}
  4500000    0.337    0.000    0.337    0.000 {method 'append' of 'list' objects}
        1    0.000    0.000    0.000    0.000 {method 'disable' of '_lsprof.Profiler' objects}
        7    0.653    0.093    0.653    0.093 {range}


